
ASEM-51 V1.3                                         Copyright (c) 2002 by W.W. Heinz                                         PAGE 1





       MCS-51 Family Macro Assembler   A S E M - 5 1   V 1.3
       =====================================================



	Source File:	zadanie1.asm
	Object File:	zadanie1.hex
	List File:	zadanie1.lst



 Line  I  Addr  Code            Source

    1:		N	 80	_LCDWC	DATA 	0FF80h
    2:		N	 81	_LCDWD	DATA	0FF81h
    3:		N	 82	_LCDRC	DATA	0FF82h
    4:		N	 83	_LCDRD	DATA	0FF83h
    5:
    6:
    7:		N      0000		ORG 0000h
    8:	  0000			_RESET:
    9:	  0000	02 01 00		LJMP _INIT
   10:
   11:		N      0100		ORG 0100h
   12:	  0100			_INIT:
   13:					;CALL _LCD_INIT
   14:	  0100	12 01 46		CALL _NAPISZ_LED
   15:
   16:	  0103			_LOOP:
   17:	  0103	00			NOP
   18:
   19:	  0104	02 01 03		LJMP	_LOOP
   20:
   21:	  0107			_NAPISZ_MSG:
   22:	  0107	90 01 98		MOV DPTR,#_MSG_NAPIS
   23:	  010A	12 01 4D		CALL _NAPISZ_WHILE
   24:	  010D	22			RET
   25:
   26:	  010E			_NAPISZ_SETTINGS:
   27:	  010E	90 01 9C		MOV DPTR,#_SETTINGS_NAPIS
   28:	  0111	12 01 4D		CALL _NAPISZ_WHILE
   29:	  0114	22			RET
   30:
   31:	  0115			_NAPISZ_TEST:
   32:	  0115	90 01 A5		MOV DPTR,#_TEST_NAPIS
   33:	  0118	12 01 4D		CALL _NAPISZ_WHILE
   34:	  011B	22			RET
   35:
   36:	  011C			_NAPISZ_SEND:
   37:	  011C	90 01 AA		MOV DPTR,#_SEND_NAPIS
   38:	  011F	12 01 4D		CALL _NAPISZ_WHILE
   39:	  0122	22			RET
   40:
   41:	  0123			_NAPISZ_READ:
   42:	  0123	90 01 AF		MOV DPTR,#_READ_NAPIS
   43:	  0126	12 01 4D		CALL _NAPISZ_WHILE

ASEM-51 V1.3                                         Copyright (c) 2002 by W.W. Heinz                                         PAGE 2



 Line  I  Addr  Code            Source

   44:	  0129	22			RET
   45:
   46:	  012A			_NAPISZ__UPTIME:
   47:	  012A	90 01 B4		MOV DPTR,#_UPTIME_NAPIS
   48:	  012D	12 01 4D		CALL _NAPISZ_WHILE
   49:	  0130	22			RET
   50:
   51:	  0131			_NAPISZ_MAIN_MENU:
   52:	  0131	90 01 8E		MOV DPTR,#_MAIN_MENU_NAPIS
   53:	  0134	12 01 4D		CALL _NAPISZ_WHILE
   54:	  0137	22			RET
   55:
   56:	  0138			_NAPISZ_EDIT_MSG:
   57:	  0138	90 01 BB		MOV DPTR,#_EDIT_MSG_NAPIS
   58:	  013B	12 01 4D		CALL _NAPISZ_WHILE
   59:	  013E	22			RET
   60:
   61:	  013F			_NAPISZ_BUZZER:
   62:	  013F	90 01 C4		MOV DPTR,#_BUZZER_NAPIS
   63:	  0142	12 01 4D		CALL _NAPISZ_WHILE
   64:	  0145	22			RET
   65:
   66:	  0146			_NAPISZ_LED:
   67:	  0146	90 01 CB		MOV DPTR,#_LED_NAPIS
   68:	  0149	12 01 4D		CALL _NAPISZ_WHILE
   69:	  014C	22			RET
   70:
   71:	  014D			_NAPISZ_WHILE:
   72:	  014D	E4			CLR A
   73:	  014E	93			MOVC A,@A+DPTR
   74:	  014F	FF			MOV R7,A
   75:	  0150	60 06			JZ _NAPISZ_END
   76:	  0152	12 01 87		CALL _LCD_DATA_FROM_R7
   77:	  0155	A3			INC DPTR
   78:	  0156	80 F5			SJMP _NAPISZ_WHILE
   79:	  0158			_NAPISZ_END:
   80:	  0158	22			RET
   81:
   82:	  0159			_LCD_CZYSC:
   83:	  0159	7F 01			MOV R7,#1
   84:	  015B	12 01 80		CALL _LCD_CMD_FROM_R7
   85:	  015E	22			RET
   86:
   87:	  015F			_LCD_INIT:
   88:					; podpunkt 1
   89:	  015F	7F 38			MOV R7,#00111000b
   90:	  0161	12 01 80		CALL _LCD_CMD_FROM_R7
   91:					; podpunkt 2
   92:	  0164	7F 0F			MOV R7,#00001111b
   93:	  0166	12 01 80		CALL _LCD_CMD_FROM_R7
   94:					; podpunkt 3
   95:	  0169	7F 07			MOV R7,#00000111b
   96:	  016B	12 01 80		CALL _LCD_CMD_FROM_R7
   97:	  016E	7F 18			MOV R7,#00011000b
   98:	  0170	12 01 80		CALL _LCD_CMD_FROM_R7
   99:					; podpunkt 4

ASEM-51 V1.3                                         Copyright (c) 2002 by W.W. Heinz                                         PAGE 3



 Line  I  Addr  Code            Source

  100:	  0173	7F 01			MOV R7,#00000001b
  101:	  0175	12 01 80		CALL _LCD_CMD_FROM_R7
  102:	  0178	22			RET
  103:
  104:	  0179			_LCD_WAIT_WHILE_BUSY:
  105:	  0179	79 82			MOV R1,#_LCDRC
  106:	  017B	E3			MOVX A,@R1
  107:	  017C	20 E7 FA		JB ACC.7, _LCD_WAIT_WHILE_BUSY
  108:	  017F			_LCD_WAIT_WHILE_BUSY_END:
  109:	  017F	22			RET
  110:
  111:	  0180			_LCD_CMD_FROM_R7:
  112:	  0180	31 79			CALL _LCD_WAIT_WHILE_BUSY
  113:	  0182	78 80			MOV R0,#_LCDWC
  114:	  0184	EF			MOV A,R7
  115:	  0185	F2			MOVX @R0,A
  116:	  0186	22			RET
  117:
  118:	  0187			_LCD_DATA_FROM_R7:
  119:	  0187	31 79			CALL _LCD_WAIT_WHILE_BUSY
  120:	  0189	79 81			MOV R1,#_LCDWD
  121:	  018B	EF			MOV A, R7
  122:	  018C	F3			MOVX @R1,A
  123:	  018D	22			RET
  124:
  125:	  018E			_MAIN_MENU_NAPIS:
  126:	  018E	4D 41 49 4E		DB	'MAIN MENU',0
	  0192	20 4D 45 4E
	  0196	55 00
  127:	  0198			_MSG_NAPIS:
  128:	  0198	4D 53 47 00		DB	'MSG',0
  129:	  019C			_SETTINGS_NAPIS:
  130:	  019C	53 45 54 54		DB	'SETTINGS',0
	  01A0	49 4E 47 53
	  01A4	00
  131:	  01A5			_TEST_NAPIS:
  132:	  01A5	54 45 53 54		DB	'TEST',0
	  01A9	00
  133:	  01AA			_SEND_NAPIS:
  134:	  01AA	53 45 4E 44		DB	'SEND',0
	  01AE	00
  135:	  01AF			_READ_NAPIS:
  136:	  01AF	52 45 41 44		DB	'READ',0
	  01B3	00
  137:	  01B4			_UPTIME_NAPIS:
  138:	  01B4	55 50 54 49		DB	'UPTIME',0
	  01B8	4D 45 00
  139:	  01BB			_EDIT_MSG_NAPIS:
  140:	  01BB	45 44 49 54		DB	'EDIT_MSG',0
	  01BF	5F 4D 53 47
	  01C3	00
  141:	  01C4			_BUZZER_NAPIS:
  142:	  01C4	42 55 5A 5A		DB	'BUZZER',0
	  01C8	45 52 00
  143:	  01CB			_LED_NAPIS:
  144:	  01CB	4C 45 44 00		DB	'LED',0

ASEM-51 V1.3                                         Copyright (c) 2002 by W.W. Heinz                                         PAGE 4



 Line  I  Addr  Code            Source

  145:
  146:				END





                     register banks used:  ---

                     no errors




ASEM-51 V1.3                                         Copyright (c) 2002 by W.W. Heinz                                         PAGE 5





	       L I S T   O F   S Y M B O L S
	       =============================


SYMBOL				  TYPE     VALUE	LINE
------------------------------------------------------------
??ASEM_51			  NUMBER    8051
??VERSION			  NUMBER    0130
AC				  BIT	      D6
ACC				  DATA	      E0
B				  DATA	      F0
CY				  BIT	      D7
DPH				  DATA	      83
DPL				  DATA	      82
EA				  BIT	      AF
ES				  BIT	      AC
ET0				  BIT	      A9
ET1				  BIT	      AB
EX0				  BIT	      A8
EX1				  BIT	      AA
EXTI0				  CODE	    0003
EXTI1				  CODE	    0013
F0				  BIT	      D5
IE				  DATA	      A8
IE0				  BIT	      89
IE1				  BIT	      8B
INT0				  BIT	      B2
INT1				  BIT	      B3
IP				  DATA	      B8
IT0				  BIT	      88
IT1				  BIT	      8A
OV				  BIT	      D2
P				  BIT	      D0
P0				  DATA	      80
P1				  DATA	      90
P2				  DATA	      A0
P3				  DATA	      B0
PCON				  DATA	      87
PS				  BIT	      BC
PSW				  DATA	      D0
PT0				  BIT	      B9
PT1				  BIT	      BB
PX0				  BIT	      B8
PX1				  BIT	      BA
RB8				  BIT	      9A
RD				  BIT	      B7
REN				  BIT	      9C
RESET				  CODE	    0000
RI				  BIT	      98
RS0				  BIT	      D3
RS1				  BIT	      D4
RXD				  BIT	      B0
SBUF				  DATA	      99
SCON				  DATA	      98
SINT				  CODE	    0023
SM0				  BIT	      9F

ASEM-51 V1.3                                         Copyright (c) 2002 by W.W. Heinz                                         PAGE 6



SYMBOL				  TYPE     VALUE	LINE
------------------------------------------------------------
SM1				  BIT	      9E
SM2				  BIT	      9D
SP				  DATA	      81
T0				  BIT	      B4
T1				  BIT	      B5
TB8				  BIT	      9B
TCON				  DATA	      88
TF0				  BIT	      8D
TF1				  BIT	      8F
TH0				  DATA	      8C
TH1				  DATA	      8D
TI				  BIT	      99
TIMER0				  CODE	    000B
TIMER1				  CODE	    001B
TL0				  DATA	      8A
TL1				  DATA	      8B
TMOD				  DATA	      89
TR0				  BIT	      8C
TR1				  BIT	      8E
TXD				  BIT	      B1
WR				  BIT	      B6
_BUZZER_NAPIS			  CODE	    01C4	 141
_EDIT_MSG_NAPIS			  CODE	    01BB	 139
_INIT				  CODE	    0100	  12
_LCDRC				  DATA	      82	   3
_LCDRD				  DATA	      83	   4
_LCDWC				  DATA	      80	   1
_LCDWD				  DATA	      81	   2
_LCD_CMD_FROM_R7		  CODE	    0180	 111
_LCD_CZYSC			  CODE	    0159	  82
_LCD_DATA_FROM_R7		  CODE	    0187	 118
_LCD_INIT			  CODE	    015F	  87
_LCD_WAIT_WHILE_BUSY		  CODE	    0179	 104
_LCD_WAIT_WHILE_BUSY_END	  CODE	    017F	 108
_LED_NAPIS			  CODE	    01CB	 143
_LOOP				  CODE	    0103	  16
_MAIN_MENU_NAPIS		  CODE	    018E	 125
_MSG_NAPIS			  CODE	    0198	 127
_NAPISZ_BUZZER			  CODE	    013F	  61
_NAPISZ_EDIT_MSG		  CODE	    0138	  56
_NAPISZ_END			  CODE	    0158	  79
_NAPISZ_LED			  CODE	    0146	  66
_NAPISZ_MAIN_MENU		  CODE	    0131	  51
_NAPISZ_MSG			  CODE	    0107	  21
_NAPISZ_READ			  CODE	    0123	  41
_NAPISZ_SEND			  CODE	    011C	  36
_NAPISZ_SETTINGS		  CODE	    010E	  26
_NAPISZ_TEST			  CODE	    0115	  31
_NAPISZ_WHILE			  CODE	    014D	  71
_NAPISZ__UPTIME			  CODE	    012A	  46
_READ_NAPIS			  CODE	    01AF	 135
_RESET				  CODE	    0000	   8
_SEND_NAPIS			  CODE	    01AA	 133
_SETTINGS_NAPIS			  CODE	    019C	 129
_TEST_NAPIS			  CODE	    01A5	 131
_UPTIME_NAPIS			  CODE	    01B4	 137
