
ASEM-51 V1.3                                         Copyright (c) 2002 by W.W. Heinz                                         PAGE 1





       MCS-51 Family Macro Assembler   A S E M - 5 1   V 1.3
       =====================================================



	Source File:	PD.asm
	Object File:	PD.hex
	List File:	PD.lst



 Line  I  Addr  Code            Source

    1:		N      FF30	CSDS	XDATA 0FF30h
    2:
    3:		B	 B5	SKEY	bit P3.5		;test klawiatury sekwencyjnej
    4:		N      0076	STAK	equ	76h		;stan klawiatury
    5:		N	 75	CONFIG  bit 75h			;config mode
    6:		N      0074	SLAST	equ 74h			;poprzedni stan klawiatury
    7:
    8:		N      0000		ORG 0000h
    9:	  0000			_RESET:
   10:	  0000	02 01 00		LJMP _INIT
   11:
   12:
   13:		N      0100		ORG 0100h
   14:	  0100			_INIT:
   15:
   16:
   17:	  0100			_LOOP:
   18:	  0100	12 01 06		CALL KEYBOARD
   19:	  0103	02 01 00		LJMP _LOOP
   20:
   21:
   22:	  0106			KEYBOARD:
   23:
   24:	  0106	90 FF 30		MOV DPTR, #CSDS
   25:
   26:	  0109	74 02			MOV A,#00000010b
   27:	  010B	F0			MOVX @DPTR,A
   28:	  010C	20 B5 20		jb P3.5, KEYBOARD_ESC		;przycisk ESC
   29:	  010F	74 01			MOV A,#00000001b
   30:	  0111	F0			MOVX @DPTR,A
   31:	  0112	20 B5 1E		jb P3.5, KEYBOARD_ENTER	;przycisk ENTER
   32:	  0115	74 08			MOV A,#00001000b
   33:	  0117	F0			MOVX @DPTR,A
   34:	  0118	20 B5 1C		jb P3.5, KEYBOARD_UP		;przycisk UP
   35:	  011B	74 10			MOV A,#00010000b
   36:	  011D	F0			MOVX @DPTR,A
   37:	  011E	20 B5 1A		jb P3.5, KEYBOARD_DOWN		;przycisk DOWN
   38:	  0121	74 20			MOV A,#00100000b
   39:	  0123	F0			MOVX @DPTR,A
   40:	  0124	20 B5 18		jb P3.5, KEYBOARD_LEFT		;przycisk LEFT
   41:	  0127	74 04			MOV A,#00000100b
   42:	  0129	F0			MOVX @DPTR,A
   43:	  012A	20 B5 16		jb P3.5, KEYBOARD_RIGHT	;przycisk RIGHT

ASEM-51 V1.3                                         Copyright (c) 2002 by W.W. Heinz                                         PAGE 2



 Line  I  Addr  Code            Source

   44:	  012D	22			ret
   45:
   46:	  012E			KEYBOARD_END:
   47:
   48:	  012E	22			ret
   49:
   50:	  012F			KEYBOARD_ESC:
   51:	  012F	B2 97			CPL P1.7
   52:	  0131	80 FB			sjmp KEYBOARD_END
   53:
   54:	  0133			KEYBOARD_ENTER:
   55:	  0133	B2 97			CPL P1.7
   56:	  0135	80 F7			sjmp KEYBOARD_END
   57:
   58:	  0137			KEYBOARD_UP:
   59:	  0137	B2 97			CPL P1.7
   60:	  0139	80 F3			sjmp KEYBOARD_END
   61:
   62:	  013B			KEYBOARD_DOWN:
   63:	  013B	B2 97			CPL P1.7
   64:	  013D	80 EF			sjmp KEYBOARD_END
   65:
   66:	  013F			KEYBOARD_LEFT:
   67:	  013F	B2 97			CPL P1.7
   68:	  0141	80 EB			sjmp KEYBOARD_END
   69:
   70:	  0143			KEYBOARD_RIGHT:
   71:	  0143	B2 97			CPL P1.7
   72:	  0145	80 E7			sjmp KEYBOARD_END
   73:
   74:				END





                     register banks used:  ---

                     no errors




ASEM-51 V1.3                                         Copyright (c) 2002 by W.W. Heinz                                         PAGE 3





	       L I S T   O F   S Y M B O L S
	       =============================


SYMBOL				  TYPE     VALUE	LINE
------------------------------------------------------------
??ASEM_51			  NUMBER    8051
??VERSION			  NUMBER    0130
AC				  BIT	      D6
ACC				  DATA	      E0
B				  DATA	      F0
CONFIG				  BIT	      75	   5
CSDS				  XDATA	    FF30	   1
CY				  BIT	      D7
DPH				  DATA	      83
DPL				  DATA	      82
EA				  BIT	      AF
ES				  BIT	      AC
ET0				  BIT	      A9
ET1				  BIT	      AB
EX0				  BIT	      A8
EX1				  BIT	      AA
EXTI0				  CODE	    0003
EXTI1				  CODE	    0013
F0				  BIT	      D5
IE				  DATA	      A8
IE0				  BIT	      89
IE1				  BIT	      8B
INT0				  BIT	      B2
INT1				  BIT	      B3
IP				  DATA	      B8
IT0				  BIT	      88
IT1				  BIT	      8A
KEYBOARD			  CODE	    0106	  22
KEYBOARD_DOWN			  CODE	    013B	  62
KEYBOARD_END			  CODE	    012E	  46
KEYBOARD_ENTER			  CODE	    0133	  54
KEYBOARD_ESC			  CODE	    012F	  50
KEYBOARD_LEFT			  CODE	    013F	  66
KEYBOARD_RIGHT			  CODE	    0143	  70
KEYBOARD_UP			  CODE	    0137	  58
OV				  BIT	      D2
P				  BIT	      D0
P0				  DATA	      80
P1				  DATA	      90
P2				  DATA	      A0
P3				  DATA	      B0
PCON				  DATA	      87
PS				  BIT	      BC
PSW				  DATA	      D0
PT0				  BIT	      B9
PT1				  BIT	      BB
PX0				  BIT	      B8
PX1				  BIT	      BA
RB8				  BIT	      9A
RD				  BIT	      B7

ASEM-51 V1.3                                         Copyright (c) 2002 by W.W. Heinz                                         PAGE 4



SYMBOL				  TYPE     VALUE	LINE
------------------------------------------------------------
REN				  BIT	      9C
RESET				  CODE	    0000
RI				  BIT	      98
RS0				  BIT	      D3
RS1				  BIT	      D4
RXD				  BIT	      B0
SBUF				  DATA	      99
SCON				  DATA	      98
SINT				  CODE	    0023
SKEY				  BIT	      B5	   3
SLAST				  NUMBER    0074	   6
SM0				  BIT	      9F
SM1				  BIT	      9E
SM2				  BIT	      9D
SP				  DATA	      81
STAK				  NUMBER    0076	   4
T0				  BIT	      B4
T1				  BIT	      B5
TB8				  BIT	      9B
TCON				  DATA	      88
TF0				  BIT	      8D
TF1				  BIT	      8F
TH0				  DATA	      8C
TH1				  DATA	      8D
TI				  BIT	      99
TIMER0				  CODE	    000B
TIMER1				  CODE	    001B
TL0				  DATA	      8A
TL1				  DATA	      8B
TMOD				  DATA	      89
TR0				  BIT	      8C
TR1				  BIT	      8E
TXD				  BIT	      B1
WR				  BIT	      B6
_INIT				  CODE	    0100	  14
_LOOP				  CODE	    0100	  17
_RESET				  CODE	    0000	   9
