
ASEM-51 V1.3                                         Copyright (c) 2002 by W.W. Heinz                                         PAGE 1





       MCS-51 Family Macro Assembler   A S E M - 5 1   V 1.3
       =====================================================



	Source File:	zadanie11.asm
	Object File:	zadanie11.hex
	List File:	zadanie11.lst



 Line  I  Addr  Code            Source

    1:				;KWARC = 11 059 200 = LICZBA CYKLI ZEGAROWYCH W CZASIE 1SEK
    2:				;11 059 200 / 12 = 921 600
    3:				;*TRYB TIMERA = 8BITOW
    4:				;TRYB TIMERA = 16BITOW
    5:				;*TRYB TIMERA = 32BITOW
    6:				;*TRYB TIMERA = 64BITOW
    7:				;WYBOR TRYBU =
    8:
    9:
   10:		N      DC00	T0_VAL_POCZ EQU 65535-9215 ;56 320
   11:		N      00DC	TH0_POCZ	EQU T0_VAL_POCZ / 256 ;220
   12:		N      0000	TL0_POCZ	EQU T0_VAL_POCZ MOD 256 ;0
   13:
   14:		N	 45	LICZNIK_PROGRAMOWY	DATA 045h
   15:
   16:		N      0000		ORG 0000h
   17:	  0000			_RESET:
   18:	  0000	02 01 00		LJMP _INIT
   19:
   20:		N      000B		ORG 000Bh
   21:	  000B			_OVRFL:
   22:	  000B	75 8C DC		MOV TH0,#TH0_POCZ
   23:	  000E	05 45			INC LICZNIK_PROGRAMOWY
   24:	  0010	02 01 15		LJMP _LOOP
   25:
   26:		N      0100		ORG 0100h
   27:	  0100			_INIT:
   28:	  0100	75 45 00		MOV LICZNIK_PROGRAMOWY,#0d
   29:
   30:					;USTAWIC TMOD
   31:					;TRYB NAJMLODSZY 2 BIT[01]
   32:					;GATE=0 -	IGORUJE LINIE INIT[0]
   33:					;C/T=0 - 	LICZNIK CZY CZASOMIERZ? 0=CZASOMIERZ[0]
   34:	  0103	75 89 01		MOV TMOD,#00000001b
   35:
   36:					;UMIESCIC WARTOSC DO THO i TLO
   37:					;TRYB 1 16BITOWY MAKSYMALNA WARTOSC TO 65 536 - 9216
   38:					;65 536 - 9216=56320
   39:	  0106	75 8C DC		MOV TH0,#TH0_POCZ
   40:	  0109	75 8A 00		MOV TL0,#TL0_POCZ
   41:
   42:					;URUCHOMIENIE OBSLUGI INIT_OD_T0
   43:	  010C	D2 AF			SETB EA

ASEM-51 V1.3                                         Copyright (c) 2002 by W.W. Heinz                                         PAGE 2



 Line  I  Addr  Code            Source

   44:	  010E	D2 A9			SETB ET0
   45:
   46:					;FLAGA PRZEPELNIENIA-WYCZYSCIC
   47:	  0110	C2 8D			CLR TF0
   48:
   49:					;URUCHOMIENIE LICZNIKA=
   50:	  0112	D2 8C			SETB TR0
   51:
   52:	  0114	00			NOP
   53:
   54:	  0115			_LOOP:
   55:					;LICZNIK_PROGRAMOWY
   56:	  0115	74 FF			MOV A,#255d
   57:	  0117	C3			CLR C
   58:	  0118	95 45			SUBB A,LICZNIK_PROGRAMOWY
   59:	  011A	50 F9			JNC _LOOP
   60:
   61:	  011C	C3			CLR C
   62:	  011D	E5 45			MOV A, LICZNIK_PROGRAMOWY
   63:	  011F	94 64			SUBB A,#100d
   64:	  0121	F5 45			MOV LICZNIK_PROGRAMOWY, A
   65:
   66:	  0123	B2 97			CPL P1.7
   67:
   68:	  0125	02 01 15		LJMP _LOOP
   69:
   70:
   71:				END





                     register banks used:  ---

                     no errors




ASEM-51 V1.3                                         Copyright (c) 2002 by W.W. Heinz                                         PAGE 3





	       L I S T   O F   S Y M B O L S
	       =============================


SYMBOL				  TYPE     VALUE	LINE
------------------------------------------------------------
??ASEM_51			  NUMBER    8051
??VERSION			  NUMBER    0130
AC				  BIT	      D6
ACC				  DATA	      E0
B				  DATA	      F0
CY				  BIT	      D7
DPH				  DATA	      83
DPL				  DATA	      82
EA				  BIT	      AF
ES				  BIT	      AC
ET0				  BIT	      A9
ET1				  BIT	      AB
EX0				  BIT	      A8
EX1				  BIT	      AA
EXTI0				  CODE	    0003
EXTI1				  CODE	    0013
F0				  BIT	      D5
IE				  DATA	      A8
IE0				  BIT	      89
IE1				  BIT	      8B
INT0				  BIT	      B2
INT1				  BIT	      B3
IP				  DATA	      B8
IT0				  BIT	      88
IT1				  BIT	      8A
LICZNIK_PROGRAMOWY		  DATA	      45	  14
OV				  BIT	      D2
P				  BIT	      D0
P0				  DATA	      80
P1				  DATA	      90
P2				  DATA	      A0
P3				  DATA	      B0
PCON				  DATA	      87
PS				  BIT	      BC
PSW				  DATA	      D0
PT0				  BIT	      B9
PT1				  BIT	      BB
PX0				  BIT	      B8
PX1				  BIT	      BA
RB8				  BIT	      9A
RD				  BIT	      B7
REN				  BIT	      9C
RESET				  CODE	    0000
RI				  BIT	      98
RS0				  BIT	      D3
RS1				  BIT	      D4
RXD				  BIT	      B0
SBUF				  DATA	      99
SCON				  DATA	      98
SINT				  CODE	    0023

ASEM-51 V1.3                                         Copyright (c) 2002 by W.W. Heinz                                         PAGE 4



SYMBOL				  TYPE     VALUE	LINE
------------------------------------------------------------
SM0				  BIT	      9F
SM1				  BIT	      9E
SM2				  BIT	      9D
SP				  DATA	      81
T0				  BIT	      B4
T0_VAL_POCZ			  NUMBER    DC00	  10
T1				  BIT	      B5
TB8				  BIT	      9B
TCON				  DATA	      88
TF0				  BIT	      8D
TF1				  BIT	      8F
TH0				  DATA	      8C
TH0_POCZ			  NUMBER    00DC	  11
TH1				  DATA	      8D
TI				  BIT	      99
TIMER0				  CODE	    000B
TIMER1				  CODE	    001B
TL0				  DATA	      8A
TL0_POCZ			  NUMBER    0000	  12
TL1				  DATA	      8B
TMOD				  DATA	      89
TR0				  BIT	      8C
TR1				  BIT	      8E
TXD				  BIT	      B1
WR				  BIT	      B6
_INIT				  CODE	    0100	  27
_LOOP				  CODE	    0115	  54
_OVRFL				  CODE	    000B	  21
_RESET				  CODE	    0000	  17
