
ASEM-51 V1.3                                         Copyright (c) 2002 by W.W. Heinz                                         PAGE 1





       MCS-51 Family Macro Assembler   A S E M - 5 1   V 1.3
       =====================================================



	Source File:	zadanie9.asm
	Object File:	zadanie9.hex
	List File:	zadanie9.lst



 Line  I  Addr  Code            Source

    1:		N	 2F	POSR 	DATA 02Fh
    2:		B	 7D	ER	BIT POSR.5
    3:		B	 7C	OK	BIT POSR.4
    4:		B	 7B	F4	BIT POSR.3
    5:		B	 7A	F3	BIT POSR.2
    6:		B	 79	F2	BIT POSR.1
    7:		B	 78	F1	BIT POSR.0
    8:		N      FF30	CSDS	EQU 0FF30h
    9:		N      FF38	CSDB	EQU 0FF38h
   10:
   11:		N      0000		ORG 0000h
   12:	  0000			_RESET:
   13:	  0000	02 01 00		LJMP _INIT
   14:
   15:		N      0100		ORG 0100h
   16:	  0100			_INIT:
   17:	  0100	C2 96			CLR P1.6		;ustawiam domyślnie zasilanie na włączone do wyświetlacza multi.
   18:	  0102	75 2F 00		MOV POSR, #00000000b	;ustawiam wszystko na off nic się nie będzie świecić
   19:	  0105	78 FF			MOV R0, #255d
   20:	  0107	79 FF			MOV R1, #255d
   21:
   22:	  0109	12 01 2B		CALL _7SEG_INIT		;wywołaj podprogram _7SEG_INIT
   23:	  010C			_FOR1:
   24:	  010C				_FOR2:
   25:						;instrukcje w drugiej pętli
   26:	  010C	00				NOP
   27:	  010D	00				NOP
   28:	  010E	00				NOP
   29:	  010F	D9 FB				DJNZ R1, _FOR2
   30:	  0111	E5 2F				MOV A, POSR
   31:	  0113	03				RR A
   32:	  0114	F5 2F				MOV POSR, A
   33:	  0116	F0				MOVX @DPTR, A
   34:	  0117	12 01 20			CALL _7SEG_REFRESH
   35:	  011A	D8 F0			DJNZ R0,_FOR1
   36:
   37:
   38:	  011C			_LOOP:
   39:	  011C	00			NOP
   40:	  011D	02 01 1C		LJMP _LOOP
   41:
   42:	  0120			_7SEG_REFRESH:
   43:	  0120	B2 96			CPL P1.6		;- odłącza zasilanie wyświetlacza multipleksowanego

ASEM-51 V1.3                                         Copyright (c) 2002 by W.W. Heinz                                         PAGE 2



 Line  I  Addr  Code            Source

   44:	  0122	90 FF 38		MOV DPTR, #CSDB		;- wprowadza do bufora danych nowy stan diod sygnalizacyjnych z bajt
				u pośredniczącego.
   45:	  0125	E5 2F			MOV A,POSR		;-//-
   46:	  0127	F0			MOVX @DPTR, A		;-//-
   47:	  0128	C2 96			CLR P1.6		;- wznawia zasilanie wyświetlacza multipleksowanego
   48:	  012A	22			RET
   49:
   50:	  012B			_7SEG_INIT:
   51:					;instrukcje
   52:	  012B	90 FF 30		MOV DPTR, #CSDS		;- wprowadza do bufora wyboru wskaźnika wartość, dzięki której
				aktywnym wskaźnikiem będzie wskaźnik LED
   53:	  012E	74 40			MOV A,#01000000b	;-//-
   54:	  0130	F0			MOVX @DPTR, A		;-//-
   55:	  0131	12 01 4F		CALL _7SEG_SET_OK_ON	;- wprowadza do bajtu pośredniczącego wartość, dzięki której p
				oczątkowo aktywna będzie dioda OK
   56:	  0134	31 20			CALL _7SEG_REFRESH	;- wywołuje podprogram _7SEG_REFRESH
   57:	  0136	22			RET
   58:
   59:	  0137			_7SEG_SET_F1_ON:
   60:	  0137	20 78 02		JB F1, _IF_F1
   61:	  013A	B2 78			CPL F1
   62:	  013C			_IF_F1:
   63:	  013C	22			RET
   64:	  013D			_7SEG_SET_F2_ON:
   65:	  013D	20 79 02		JB F2, _IF_F2
   66:	  0140	B2 79			CPL F2
   67:	  0142			_IF_F2:
   68:	  0142	22			RET
   69:	  0143			_7SEG_SET_F3_ON:
   70:	  0143	20 7A 02		JB F3, _IF_F3
   71:	  0146	B2 7A			CPL F3
   72:	  0148			_IF_F3:
   73:	  0148	22			RET
   74:	  0149			_7SEG_SET_F4_ON:
   75:	  0149	20 7B 02		JB F4, _IF_F4
   76:	  014C	B2 7B			CPL F4
   77:	  014E			_IF_F4:
   78:	  014E	22			RET
   79:	  014F			_7SEG_SET_OK_ON:
   80:	  014F	20 7C 02		JB OK, _IF_OK
   81:	  0152	B2 7C			CPL OK
   82:	  0154			_IF_OK:
   83:	  0154	22			RET
   84:	  0155			_7SEG_SET_ER_ON:
   85:	  0155	20 7D 02		JB ER, _IF_ER
   86:	  0158	B2 7D			CPL ER
   87:	  015A			_IF_ER:
   88:	  015A	22			RET
   89:
   90:	  015B			_7SEG_SET_F1_OFF:
   91:	  015B	C2 78			CLR F1
   92:	  015D	22			RET
   93:	  015E			_7SEG_SET_F2_OFF:
   94:	  015E	C2 79			CLR F2
   95:	  0160	22			RET
   96:	  0161			_7SEG_SET_F3_OFF:

ASEM-51 V1.3                                         Copyright (c) 2002 by W.W. Heinz                                         PAGE 3



 Line  I  Addr  Code            Source

   97:	  0161	C2 7A			CLR F3
   98:	  0163	22			RET
   99:	  0164			_7SEG_SET_F4_OFF:
  100:	  0164	C2 7B			CLR F4
  101:	  0166	22			RET
  102:	  0167			_7SEG_SET_OK_OFF:
  103:	  0167	C2 7C			CLR OK
  104:	  0169	22			RET
  105:	  016A			_7SEG_SET_ER_OFF:
  106:	  016A	C2 7D			CLR ER
  107:	  016C	22			RET
  108:
  109:
  110:					;CPL OK
  111:					;MOV DPTR, #CSDS
  112:					;MOV A,#01000000b
  113:					;MOVX @DPTR, A
  114:					;MOV DPTR, #CSDB
  115:					;MOV A,POSR
  116:					;MOVX @DPTR, A
  117:
  118:				END





                     register banks used:  ---

                     no errors




ASEM-51 V1.3                                         Copyright (c) 2002 by W.W. Heinz                                         PAGE 4





	       L I S T   O F   S Y M B O L S
	       =============================


SYMBOL				  TYPE     VALUE	LINE
------------------------------------------------------------
??ASEM_51			  NUMBER    8051
??VERSION			  NUMBER    0130
AC				  BIT	      D6
ACC				  DATA	      E0
B				  DATA	      F0
CSDB				  NUMBER    FF38	   9
CSDS				  NUMBER    FF30	   8
CY				  BIT	      D7
DPH				  DATA	      83
DPL				  DATA	      82
EA				  BIT	      AF
ER				  BIT	      7D	   2
ES				  BIT	      AC
ET0				  BIT	      A9
ET1				  BIT	      AB
EX0				  BIT	      A8
EX1				  BIT	      AA
EXTI0				  CODE	    0003
EXTI1				  CODE	    0013
F0				  BIT	      D5
F1				  BIT	      78	   7
F2				  BIT	      79	   6
F3				  BIT	      7A	   5
F4				  BIT	      7B	   4
IE				  DATA	      A8
IE0				  BIT	      89
IE1				  BIT	      8B
INT0				  BIT	      B2
INT1				  BIT	      B3
IP				  DATA	      B8
IT0				  BIT	      88
IT1				  BIT	      8A
OK				  BIT	      7C	   3
OV				  BIT	      D2
P				  BIT	      D0
P0				  DATA	      80
P1				  DATA	      90
P2				  DATA	      A0
P3				  DATA	      B0
PCON				  DATA	      87
POSR				  DATA	      2F	   1
PS				  BIT	      BC
PSW				  DATA	      D0
PT0				  BIT	      B9
PT1				  BIT	      BB
PX0				  BIT	      B8
PX1				  BIT	      BA
RB8				  BIT	      9A
RD				  BIT	      B7
REN				  BIT	      9C

ASEM-51 V1.3                                         Copyright (c) 2002 by W.W. Heinz                                         PAGE 5



SYMBOL				  TYPE     VALUE	LINE
------------------------------------------------------------
RESET				  CODE	    0000
RI				  BIT	      98
RS0				  BIT	      D3
RS1				  BIT	      D4
RXD				  BIT	      B0
SBUF				  DATA	      99
SCON				  DATA	      98
SINT				  CODE	    0023
SM0				  BIT	      9F
SM1				  BIT	      9E
SM2				  BIT	      9D
SP				  DATA	      81
T0				  BIT	      B4
T1				  BIT	      B5
TB8				  BIT	      9B
TCON				  DATA	      88
TF0				  BIT	      8D
TF1				  BIT	      8F
TH0				  DATA	      8C
TH1				  DATA	      8D
TI				  BIT	      99
TIMER0				  CODE	    000B
TIMER1				  CODE	    001B
TL0				  DATA	      8A
TL1				  DATA	      8B
TMOD				  DATA	      89
TR0				  BIT	      8C
TR1				  BIT	      8E
TXD				  BIT	      B1
WR				  BIT	      B6
_7SEG_INIT			  CODE	    012B	  50
_7SEG_REFRESH			  CODE	    0120	  42
_7SEG_SET_ER_OFF		  CODE	    016A	 105
_7SEG_SET_ER_ON			  CODE	    0155	  84
_7SEG_SET_F1_OFF		  CODE	    015B	  90
_7SEG_SET_F1_ON			  CODE	    0137	  59
_7SEG_SET_F2_OFF		  CODE	    015E	  93
_7SEG_SET_F2_ON			  CODE	    013D	  64
_7SEG_SET_F3_OFF		  CODE	    0161	  96
_7SEG_SET_F3_ON			  CODE	    0143	  69
_7SEG_SET_F4_OFF		  CODE	    0164	  99
_7SEG_SET_F4_ON			  CODE	    0149	  74
_7SEG_SET_OK_OFF		  CODE	    0167	 102
_7SEG_SET_OK_ON			  CODE	    014F	  79
_FOR1				  CODE	    010C	  23
_FOR2				  CODE	    010C	  24
_IF_ER				  CODE	    015A	  87
_IF_F1				  CODE	    013C	  62
_IF_F2				  CODE	    0142	  67
_IF_F3				  CODE	    0148	  72
_IF_F4				  CODE	    014E	  77
_IF_OK				  CODE	    0154	  82
_INIT				  CODE	    0100	  16
_LOOP				  CODE	    011C	  38
_RESET				  CODE	    0000	  12
