
ASEM-51 V1.3                                         Copyright (c) 2002 by W.W. Heinz                                         PAGE 1





       MCS-51 Family Macro Assembler   A S E M - 5 1   V 1.3
       =====================================================



	Source File:	wyswietlanie.asm
	Object File:	wyswietlanie.hex
	List File:	wyswietlanie.lst



 Line  I  Addr  Code            Source

    1:		N	 80	_LCDWC	DATA 	0FF80h
    2:		N	 81	_LCDWD	DATA	0FF81h
    3:		N	 82	_LCDRC	DATA	0FF82h
    4:		N	 83	_LCDRD	DATA	0FF83h
    5:
    6:
    7:		N      0000		ORG 0000h
    8:	  0000			_RESET:
    9:	  0000	02 01 00		LJMP _INIT
   10:
   11:		N      0100		ORG 0100h
   12:	  0100			_INIT:
   13:					;CALL _LCD_INIT
   14:	  0100	12 01 47		CALL _NAPISZ_LED
   15:
   16:	  0103			_LOOP:
   17:	  0103	00			NOP
   18:
   19:	  0104	02 01 03		LJMP	_LOOP
   20:
   21:	  0107			_MENU_OBSLUGA:
   22:
   23:	  0107	22			RET
   24:
   25:	  0108			_NAPISZ_MSG:
   26:	  0108	90 01 99		MOV DPTR,#_MSG_NAPIS
   27:	  010B	12 01 4E		CALL _NAPISZ_WHILE
   28:	  010E	22			RET
   29:
   30:	  010F			_NAPISZ_SETTINGS:
   31:	  010F	90 01 9D		MOV DPTR,#_SETTINGS_NAPIS
   32:	  0112	12 01 4E		CALL _NAPISZ_WHILE
   33:	  0115	22			RET
   34:
   35:	  0116			_NAPISZ_TEST:
   36:	  0116	90 01 A6		MOV DPTR,#_TEST_NAPIS
   37:	  0119	12 01 4E		CALL _NAPISZ_WHILE
   38:	  011C	22			RET
   39:
   40:	  011D			_NAPISZ_SEND:
   41:	  011D	90 01 AB		MOV DPTR,#_SEND_NAPIS
   42:	  0120	12 01 4E		CALL _NAPISZ_WHILE
   43:	  0123	22			RET

ASEM-51 V1.3                                         Copyright (c) 2002 by W.W. Heinz                                         PAGE 2



 Line  I  Addr  Code            Source

   44:
   45:	  0124			_NAPISZ_READ:
   46:	  0124	90 01 B0		MOV DPTR,#_READ_NAPIS
   47:	  0127	12 01 4E		CALL _NAPISZ_WHILE
   48:	  012A	22			RET
   49:
   50:	  012B			_NAPISZ__UPTIME:
   51:	  012B	90 01 B5		MOV DPTR,#_UPTIME_NAPIS
   52:	  012E	12 01 4E		CALL _NAPISZ_WHILE
   53:	  0131	22			RET
   54:
   55:	  0132			_NAPISZ_MAIN_MENU:
   56:	  0132	90 01 8F		MOV DPTR,#_MAIN_MENU_NAPIS
   57:	  0135	12 01 4E		CALL _NAPISZ_WHILE
   58:	  0138	22			RET
   59:
   60:	  0139			_NAPISZ_EDIT_MSG:
   61:	  0139	90 01 BC		MOV DPTR,#_EDIT_MSG_NAPIS
   62:	  013C	12 01 4E		CALL _NAPISZ_WHILE
   63:	  013F	22			RET
   64:
   65:	  0140			_NAPISZ_BUZZER:
   66:	  0140	90 01 C5		MOV DPTR,#_BUZZER_NAPIS
   67:	  0143	12 01 4E		CALL _NAPISZ_WHILE
   68:	  0146	22			RET
   69:
   70:	  0147			_NAPISZ_LED:
   71:	  0147	90 01 CC		MOV DPTR,#_LED_NAPIS
   72:	  014A	12 01 4E		CALL _NAPISZ_WHILE
   73:	  014D	22			RET
   74:
   75:	  014E			_NAPISZ_WHILE:
   76:	  014E	E4			CLR A
   77:	  014F	93			MOVC A,@A+DPTR
   78:	  0150	FF			MOV R7,A
   79:	  0151	60 06			JZ _NAPISZ_END
   80:	  0153	12 01 88		CALL _LCD_DATA_FROM_R7
   81:	  0156	A3			INC DPTR
   82:	  0157	80 F5			SJMP _NAPISZ_WHILE
   83:	  0159			_NAPISZ_END:
   84:	  0159	22			RET
   85:
   86:	  015A			_LCD_CZYSC:
   87:	  015A	7F 01			MOV R7,#1
   88:	  015C	12 01 81		CALL _LCD_CMD_FROM_R7
   89:	  015F	22			RET
   90:
   91:	  0160			_LCD_INIT:
   92:					; podpunkt 1
   93:	  0160	7F 38			MOV R7,#00111000b
   94:	  0162	12 01 81		CALL _LCD_CMD_FROM_R7
   95:					; podpunkt 2
   96:	  0165	7F 0F			MOV R7,#00001111b
   97:	  0167	12 01 81		CALL _LCD_CMD_FROM_R7
   98:					; podpunkt 3
   99:	  016A	7F 07			MOV R7,#00000111b

ASEM-51 V1.3                                         Copyright (c) 2002 by W.W. Heinz                                         PAGE 3



 Line  I  Addr  Code            Source

  100:	  016C	12 01 81		CALL _LCD_CMD_FROM_R7
  101:	  016F	7F 18			MOV R7,#00011000b
  102:	  0171	12 01 81		CALL _LCD_CMD_FROM_R7
  103:					; podpunkt 4
  104:	  0174	7F 01			MOV R7,#00000001b
  105:	  0176	12 01 81		CALL _LCD_CMD_FROM_R7
  106:	  0179	22			RET
  107:
  108:	  017A			_LCD_WAIT_WHILE_BUSY:
  109:	  017A	79 82			MOV R1,#_LCDRC
  110:	  017C	E3			MOVX A,@R1
  111:	  017D	20 E7 FA		JB ACC.7, _LCD_WAIT_WHILE_BUSY
  112:	  0180			_LCD_WAIT_WHILE_BUSY_END:
  113:	  0180	22			RET
  114:
  115:	  0181			_LCD_CMD_FROM_R7:
  116:	  0181	31 7A			CALL _LCD_WAIT_WHILE_BUSY
  117:	  0183	78 80			MOV R0,#_LCDWC
  118:	  0185	EF			MOV A,R7
  119:	  0186	F2			MOVX @R0,A
  120:	  0187	22			RET
  121:
  122:	  0188			_LCD_DATA_FROM_R7:
  123:	  0188	31 7A			CALL _LCD_WAIT_WHILE_BUSY
  124:	  018A	79 81			MOV R1,#_LCDWD
  125:	  018C	EF			MOV A, R7
  126:	  018D	F3			MOVX @R1,A
  127:	  018E	22			RET
  128:
  129:	  018F			_MAIN_MENU_NAPIS:
  130:	  018F	4D 41 49 4E		DB	'MAIN MENU',0
	  0193	20 4D 45 4E
	  0197	55 00
  131:	  0199			_MSG_NAPIS:
  132:	  0199	4D 53 47 00		DB	'MSG',0
  133:	  019D			_SETTINGS_NAPIS:
  134:	  019D	53 45 54 54		DB	'SETTINGS',0
	  01A1	49 4E 47 53
	  01A5	00
  135:	  01A6			_TEST_NAPIS:
  136:	  01A6	54 45 53 54		DB	'TEST',0
	  01AA	00
  137:	  01AB			_SEND_NAPIS:
  138:	  01AB	53 45 4E 44		DB	'SEND',0
	  01AF	00
  139:	  01B0			_READ_NAPIS:
  140:	  01B0	52 45 41 44		DB	'READ',0
	  01B4	00
  141:	  01B5			_UPTIME_NAPIS:
  142:	  01B5	55 50 54 49		DB	'UPTIME',0
	  01B9	4D 45 00
  143:	  01BC			_EDIT_MSG_NAPIS:
  144:	  01BC	45 44 49 54		DB	'EDIT_MSG',0
	  01C0	5F 4D 53 47
	  01C4	00
  145:	  01C5			_BUZZER_NAPIS:

ASEM-51 V1.3                                         Copyright (c) 2002 by W.W. Heinz                                         PAGE 4



 Line  I  Addr  Code            Source

  146:	  01C5	42 55 5A 5A		DB	'BUZZER',0
	  01C9	45 52 00
  147:	  01CC			_LED_NAPIS:
  148:	  01CC	4C 45 44 00		DB	'LED',0
  149:
  150:				END





                     register banks used:  ---

                     no errors




ASEM-51 V1.3                                         Copyright (c) 2002 by W.W. Heinz                                         PAGE 5





	       L I S T   O F   S Y M B O L S
	       =============================


SYMBOL				  TYPE     VALUE	LINE
------------------------------------------------------------
??ASEM_51			  NUMBER    8051
??VERSION			  NUMBER    0130
AC				  BIT	      D6
ACC				  DATA	      E0
B				  DATA	      F0
CY				  BIT	      D7
DPH				  DATA	      83
DPL				  DATA	      82
EA				  BIT	      AF
ES				  BIT	      AC
ET0				  BIT	      A9
ET1				  BIT	      AB
EX0				  BIT	      A8
EX1				  BIT	      AA
EXTI0				  CODE	    0003
EXTI1				  CODE	    0013
F0				  BIT	      D5
IE				  DATA	      A8
IE0				  BIT	      89
IE1				  BIT	      8B
INT0				  BIT	      B2
INT1				  BIT	      B3
IP				  DATA	      B8
IT0				  BIT	      88
IT1				  BIT	      8A
OV				  BIT	      D2
P				  BIT	      D0
P0				  DATA	      80
P1				  DATA	      90
P2				  DATA	      A0
P3				  DATA	      B0
PCON				  DATA	      87
PS				  BIT	      BC
PSW				  DATA	      D0
PT0				  BIT	      B9
PT1				  BIT	      BB
PX0				  BIT	      B8
PX1				  BIT	      BA
RB8				  BIT	      9A
RD				  BIT	      B7
REN				  BIT	      9C
RESET				  CODE	    0000
RI				  BIT	      98
RS0				  BIT	      D3
RS1				  BIT	      D4
RXD				  BIT	      B0
SBUF				  DATA	      99
SCON				  DATA	      98
SINT				  CODE	    0023
SM0				  BIT	      9F

ASEM-51 V1.3                                         Copyright (c) 2002 by W.W. Heinz                                         PAGE 6



SYMBOL				  TYPE     VALUE	LINE
------------------------------------------------------------
SM1				  BIT	      9E
SM2				  BIT	      9D
SP				  DATA	      81
T0				  BIT	      B4
T1				  BIT	      B5
TB8				  BIT	      9B
TCON				  DATA	      88
TF0				  BIT	      8D
TF1				  BIT	      8F
TH0				  DATA	      8C
TH1				  DATA	      8D
TI				  BIT	      99
TIMER0				  CODE	    000B
TIMER1				  CODE	    001B
TL0				  DATA	      8A
TL1				  DATA	      8B
TMOD				  DATA	      89
TR0				  BIT	      8C
TR1				  BIT	      8E
TXD				  BIT	      B1
WR				  BIT	      B6
_BUZZER_NAPIS			  CODE	    01C5	 145
_EDIT_MSG_NAPIS			  CODE	    01BC	 143
_INIT				  CODE	    0100	  12
_LCDRC				  DATA	      82	   3
_LCDRD				  DATA	      83	   4
_LCDWC				  DATA	      80	   1
_LCDWD				  DATA	      81	   2
_LCD_CMD_FROM_R7		  CODE	    0181	 115
_LCD_CZYSC			  CODE	    015A	  86
_LCD_DATA_FROM_R7		  CODE	    0188	 122
_LCD_INIT			  CODE	    0160	  91
_LCD_WAIT_WHILE_BUSY		  CODE	    017A	 108
_LCD_WAIT_WHILE_BUSY_END	  CODE	    0180	 112
_LED_NAPIS			  CODE	    01CC	 147
_LOOP				  CODE	    0103	  16
_MAIN_MENU_NAPIS		  CODE	    018F	 129
_MENU_OBSLUGA			  CODE	    0107	  21
_MSG_NAPIS			  CODE	    0199	 131
_NAPISZ_BUZZER			  CODE	    0140	  65
_NAPISZ_EDIT_MSG		  CODE	    0139	  60
_NAPISZ_END			  CODE	    0159	  83
_NAPISZ_LED			  CODE	    0147	  70
_NAPISZ_MAIN_MENU		  CODE	    0132	  55
_NAPISZ_MSG			  CODE	    0108	  25
_NAPISZ_READ			  CODE	    0124	  45
_NAPISZ_SEND			  CODE	    011D	  40
_NAPISZ_SETTINGS		  CODE	    010F	  30
_NAPISZ_TEST			  CODE	    0116	  35
_NAPISZ_WHILE			  CODE	    014E	  75
_NAPISZ__UPTIME			  CODE	    012B	  50
_READ_NAPIS			  CODE	    01B0	 139
_RESET				  CODE	    0000	   8
_SEND_NAPIS			  CODE	    01AB	 137
_SETTINGS_NAPIS			  CODE	    019D	 133
_TEST_NAPIS			  CODE	    01A6	 135

ASEM-51 V1.3                                         Copyright (c) 2002 by W.W. Heinz                                         PAGE 7



SYMBOL				  TYPE     VALUE	LINE
------------------------------------------------------------
_UPTIME_NAPIS			  CODE	    01B5	 141
