
ASEM-51 V1.3                                         Copyright (c) 2002 by W.W. Heinz                                         PAGE 1





       MCS-51 Family Macro Assembler   A S E M - 5 1   V 1.3
       =====================================================



	Source File:	zadanie7.asm
	Object File:	zadanie7.hex
	List File:	zadanie7.lst



 Line  I  Addr  Code            Source

    1:
    2:		N	 30	_LICZNIK DATA 030H
    3:
    4:		N      0000		ORG 0000H
    5:	  0000			_REEST:
    6:	  0000	02 01 00		LJMP _INIT
    7:
    8:		N      0100		ORG 0100H
    9:	  0100			_INIT:
   10:
   11:	  0100	75 30 00		MOV _LICZNIK, #0d
   12:
   13:	  0103			_FOR:
   14:	  0103	78 30			MOV R0, #_LICZNIK
   15:	  0105	B6 10 03		CJNE @R0, #16D, _FOR_INSTR
   16:	  0108	02 01 11		JMP _FI
   17:
   18:	  010B			_FOR_INSTR:
   19:					;instrukcje
   20:	  010B	B2 97			CPL P1.7
   21:	  010D	05 30			INC _LICZNIK
   22:	  010F	80 F2			JMP _FOR
   23:	  0111			_FI:
   24:
   25:	  0111			_LOOP:
   26:	  0111	00			NOP
   27:	  0112	02 01 11		LJMP _LOOP
   28:				END





                     register banks used:  ---

                     no errors




ASEM-51 V1.3                                         Copyright (c) 2002 by W.W. Heinz                                         PAGE 2





	       L I S T   O F   S Y M B O L S
	       =============================


SYMBOL				  TYPE     VALUE	LINE
------------------------------------------------------------
??ASEM_51			  NUMBER    8051
??VERSION			  NUMBER    0130
AC				  BIT	      D6
ACC				  DATA	      E0
B				  DATA	      F0
CY				  BIT	      D7
DPH				  DATA	      83
DPL				  DATA	      82
EA				  BIT	      AF
ES				  BIT	      AC
ET0				  BIT	      A9
ET1				  BIT	      AB
EX0				  BIT	      A8
EX1				  BIT	      AA
EXTI0				  CODE	    0003
EXTI1				  CODE	    0013
F0				  BIT	      D5
IE				  DATA	      A8
IE0				  BIT	      89
IE1				  BIT	      8B
INT0				  BIT	      B2
INT1				  BIT	      B3
IP				  DATA	      B8
IT0				  BIT	      88
IT1				  BIT	      8A
OV				  BIT	      D2
P				  BIT	      D0
P0				  DATA	      80
P1				  DATA	      90
P2				  DATA	      A0
P3				  DATA	      B0
PCON				  DATA	      87
PS				  BIT	      BC
PSW				  DATA	      D0
PT0				  BIT	      B9
PT1				  BIT	      BB
PX0				  BIT	      B8
PX1				  BIT	      BA
RB8				  BIT	      9A
RD				  BIT	      B7
REN				  BIT	      9C
RESET				  CODE	    0000
RI				  BIT	      98
RS0				  BIT	      D3
RS1				  BIT	      D4
RXD				  BIT	      B0
SBUF				  DATA	      99
SCON				  DATA	      98
SINT				  CODE	    0023
SM0				  BIT	      9F

ASEM-51 V1.3                                         Copyright (c) 2002 by W.W. Heinz                                         PAGE 3



SYMBOL				  TYPE     VALUE	LINE
------------------------------------------------------------
SM1				  BIT	      9E
SM2				  BIT	      9D
SP				  DATA	      81
T0				  BIT	      B4
T1				  BIT	      B5
TB8				  BIT	      9B
TCON				  DATA	      88
TF0				  BIT	      8D
TF1				  BIT	      8F
TH0				  DATA	      8C
TH1				  DATA	      8D
TI				  BIT	      99
TIMER0				  CODE	    000B
TIMER1				  CODE	    001B
TL0				  DATA	      8A
TL1				  DATA	      8B
TMOD				  DATA	      89
TR0				  BIT	      8C
TR1				  BIT	      8E
TXD				  BIT	      B1
WR				  BIT	      B6
_FI				  CODE	    0111	  23
_FOR				  CODE	    0103	  13
_FOR_INSTR			  CODE	    010B	  18
_INIT				  CODE	    0100	   9
_LICZNIK			  DATA	      30	   2
_LOOP				  CODE	    0111	  25
_REEST				  CODE	    0000	   5
