
ASEM-51 V1.3                                         Copyright (c) 2002 by W.W. Heinz                                         PAGE 1





       MCS-51 Family Macro Assembler   A S E M - 5 1   V 1.3
       =====================================================



	Source File:	zadanie1.asm
	Object File:	zadanie1.hex
	List File:	zadanie1.lst



 Line  I  Addr  Code            Source

    1:		N	 00	_RECV_FLG BIT	00h
    2:		N	 01	_SEND_FLG BIT	01h
    3:		N	 30	_RECV_BUF DATA	030h
    4:		N	 31	_RECV_BUF_INDEKS	DATA 031h
    5:		N	 32	_SEND_BUF	DATA 032h
    6:		N	 30	_SEND_BUF_INDEKS	DATA 030h
    7:
    8:		N      0000	ORG	0000h
    9:	  0000			_RESET:
   10:	  0000	02 01 00	LJMP _INIT
   11:
   12:		N      0023	ORG 0023h
   13:	  0023			_INT_SERIAL:
   14:	  0023	20 99 11		JB	TI,_INT_SERIAL_TI
   15:
   16:	  0026			_INT_SERIAL_RI:
   17:	  0026	E5 30			MOV A,_RECV_BUF
   18:	  0028	05 31			INC _RECV_BUF_INDEKS
   19:	  002A	25 31			ADD A,_RECV_BUF_INDEKS
   20:
   21:	  002C	F9			MOV R1,A
   22:	  002D	E5 99			MOV A,SBUF
   23:	  002F	F5 99			MOV SBUF,A
   24:	  0031	F7			MOV @R1,A
   25:
   26:	  0032	C2 98			CLR RI
   27:	  0034	D2 00			SETB _RECV_FLG
   28:	  0036	32			RETI
   29:
   30:	  0037			_INT_SERIAL_TI:
   31:	  0037	C2 99			CLR TI
   32:	  0039	D2 01			SETB _SEND_FLG
   33:	  003B	32			RETI
   34:
   35:		N      0100	ORG 0100h
   36:	  0100			_INIT:
   37:	  0100	D2 AC			SETB ES
   38:	  0102	D2 AF			SETB EA
   39:
   40:	  0104	75 32 00		MOV _SEND_BUF,#0d
   41:	  0107	75 30 00		MOV _SEND_BUF_INDEKS,#0d
   42:
   43:	  010A	75 31 00		MOV _RECV_BUF_INDEKS,#0d

ASEM-51 V1.3                                         Copyright (c) 2002 by W.W. Heinz                                         PAGE 2



 Line  I  Addr  Code            Source

   44:
   45:	  010D	C2 00			CLR _RECV_FLG
   46:	  010F	C2 01			CLR _SEND_FLG
   47:	  0111	75 30 00		MOV _RECV_BUF,#0d
   48:
   49:	  0114	75 98 50		MOV SCON,#01010000b
   50:	  0117	53 89 2F		ANL TMOD,#00101111b
   51:	  011A	43 89 20		ORL TMOD,#00100000b
   52:
   53:	  011D	75 8B FD		MOV TL1,#0FDh
   54:	  0120	75 8D FD		MOV TH1,#0FDh
   55:	  0123	53 87 7F		ANL PCON,#01111111b
   56:
   57:	  0126	C2 8F			CLR TF1
   58:	  0128	D2 8E			SETB TR1
   59:
   60:
   61:	  012A			_LOOP:
   62:	  012A	30 00 0D		JNB _RECV_FLG,_LOOP10
   63:
   64:	  012D	E5 31			MOV A,_RECV_BUF_INDEKS
   65:	  012F	C2 D7			CLR CY
   66:	  0131	94 08			SUBB A,#8d
   67:	  0133	40 03			JC _LOOP5
   68:	  0135	12 01 4E		LCALL _CALCULATE
   69:
   70:	  0138			_LOOP5:
   71:	  0138	C2 00			CLR _RECV_FLG
   72:
   73:	  013A			_LOOP10:
   74:	  013A	30 01 ED		JNB _SEND_FLG,_LOOP
   75:	  013D	C2 01			CLR _SEND_FLG
   76:
   77:	  013F	E5 30			MOV A,_SEND_BUF_INDEKS
   78:	  0141	60 E7			JZ _LOOP
   79:
   80:	  0143	24 32			ADD A,#_SEND_BUF
   81:	  0145	15 30			DEC _SEND_BUF_INDEKS
   82:
   83:	  0147	F9			MOV R1,A
   84:	  0148	E7			MOV A,@R1
   85:
   86:	  0149	F5 99			MOV SBUF,A
   87:
   88:	  014B	02 01 2A		LJMP _LOOP
   89:
   90:	  014E			_CALCULATE:
   91:	  014E	B2 97			CPL P1.7
   92:
   93:	  0150	74 30			MOV A,#_RECV_BUF
   94:	  0152	27			ADD A,@R1
   95:
   96:	  0153	F9			MOV R1,A
   97:	  0154	E7			MOV A,@R1
   98:
   99:	  0155	94 30			SUBB A,#48d

ASEM-51 V1.3                                         Copyright (c) 2002 by W.W. Heinz                                         PAGE 3



 Line  I  Addr  Code            Source

  100:	  0157	FE			MOV R6,A
  101:
  102:	  0158	74 30			MOV A, #_RECV_BUF
  103:	  015A	24 07			ADD A,#7d
  104:	  015C	F9			MOV R1,A
  105:	  015D	E7			MOV A,@R1
  106:	  015E	94 30			SUBB A,#48d
  107:	  0160	2E			ADD A,R6
  108:
  109:	  0161	24 30			ADD A,#48d
  110:					;MOV SBUF,A
  111:	  0163	12 01 6A		CALL _BUFOR_NADAWANIA
  112:
  113:	  0166	75 31 00		MOV _RECV_BUF_INDEKS,#0d
  114:	  0169	22			RET
  115:
  116:	  016A			_BUFOR_NADAWANIA:
  117:	  016A	FE			MOV R6,A
  118:
  119:	  016B	74 32			MOV A,#_SEND_BUF
  120:	  016D	05 30			INC _SEND_BUF_INDEKS
  121:	  016F	25 30			ADD A,_SEND_BUF_INDEKS
  122:
  123:	  0171	F9			MOV R1,A
  124:	  0172	EE			MOV A,R6
  125:	  0173	F7			MOV @R1,A
  126:
  127:	  0174	09			INC R1
  128:	  0175	05 30			INC _SEND_BUF_INDEKS
  129:	  0177	77 30			MOV @R1,#'0'
  130:
  131:	  0179	09			INC R1
  132:	  017A	05 30			INC _SEND_BUF_INDEKS
  133:	  017C	77 30			MOV @R1,#'0'
  134:
  135:	  017E	D2 01			SETB _SEND_FLG
  136:
  137:	  0180	75 31 00		MOV _RECV_BUF_INDEKS,#0d
  138:	  0183	22			RET
  139:
  140:
  141:	  0184			_MESSAGE:
  142:	  0184	57 49 54 41	DB	'WITAJ',013d,010d,0d
	  0188	4A 0D 0A 00
  143:				END





                     register banks used:  ---

                     no errors




ASEM-51 V1.3                                         Copyright (c) 2002 by W.W. Heinz                                         PAGE 4





	       L I S T   O F   S Y M B O L S
	       =============================


SYMBOL				  TYPE     VALUE	LINE
------------------------------------------------------------
??ASEM_51			  NUMBER    8051
??VERSION			  NUMBER    0130
AC				  BIT	      D6
ACC				  DATA	      E0
B				  DATA	      F0
CY				  BIT	      D7
DPH				  DATA	      83
DPL				  DATA	      82
EA				  BIT	      AF
ES				  BIT	      AC
ET0				  BIT	      A9
ET1				  BIT	      AB
EX0				  BIT	      A8
EX1				  BIT	      AA
EXTI0				  CODE	    0003
EXTI1				  CODE	    0013
F0				  BIT	      D5
IE				  DATA	      A8
IE0				  BIT	      89
IE1				  BIT	      8B
INT0				  BIT	      B2
INT1				  BIT	      B3
IP				  DATA	      B8
IT0				  BIT	      88
IT1				  BIT	      8A
OV				  BIT	      D2
P				  BIT	      D0
P0				  DATA	      80
P1				  DATA	      90
P2				  DATA	      A0
P3				  DATA	      B0
PCON				  DATA	      87
PS				  BIT	      BC
PSW				  DATA	      D0
PT0				  BIT	      B9
PT1				  BIT	      BB
PX0				  BIT	      B8
PX1				  BIT	      BA
RB8				  BIT	      9A
RD				  BIT	      B7
REN				  BIT	      9C
RESET				  CODE	    0000
RI				  BIT	      98
RS0				  BIT	      D3
RS1				  BIT	      D4
RXD				  BIT	      B0
SBUF				  DATA	      99
SCON				  DATA	      98
SINT				  CODE	    0023
SM0				  BIT	      9F

ASEM-51 V1.3                                         Copyright (c) 2002 by W.W. Heinz                                         PAGE 5



SYMBOL				  TYPE     VALUE	LINE
------------------------------------------------------------
SM1				  BIT	      9E
SM2				  BIT	      9D
SP				  DATA	      81
T0				  BIT	      B4
T1				  BIT	      B5
TB8				  BIT	      9B
TCON				  DATA	      88
TF0				  BIT	      8D
TF1				  BIT	      8F
TH0				  DATA	      8C
TH1				  DATA	      8D
TI				  BIT	      99
TIMER0				  CODE	    000B
TIMER1				  CODE	    001B
TL0				  DATA	      8A
TL1				  DATA	      8B
TMOD				  DATA	      89
TR0				  BIT	      8C
TR1				  BIT	      8E
TXD				  BIT	      B1
WR				  BIT	      B6
_BUFOR_NADAWANIA		  CODE	    016A	 116
_CALCULATE			  CODE	    014E	  90
_INIT				  CODE	    0100	  36
_INT_SERIAL			  CODE	    0023	  13
_INT_SERIAL_RI			  CODE	    0026	  16
_INT_SERIAL_TI			  CODE	    0037	  30
_LOOP				  CODE	    012A	  61
_LOOP10				  CODE	    013A	  73
_LOOP5				  CODE	    0138	  70
_MESSAGE			  CODE	    0184	 141
_RECV_BUF			  DATA	      30	   3
_RECV_BUF_INDEKS		  DATA	      31	   4
_RECV_FLG			  BIT	      00	   1
_RESET				  CODE	    0000	   9
_SEND_BUF			  DATA	      32	   5
_SEND_BUF_INDEKS		  DATA	      30	   6
_SEND_FLG			  BIT	      01	   2
