
ASEM-51 V1.3                                         Copyright (c) 2002 by W.W. Heinz                                         PAGE 1





       MCS-51 Family Macro Assembler   A S E M - 5 1   V 1.3
       =====================================================



	Source File:	klawiatura.asm
	Object File:	klawiatura.hex
	List File:	klawiatura.lst



 Line  I  Addr  Code            Source

    1:		N      FF30	CSDS	XDATA 0FF30h
    2:
    3:
    4:		N      0000		ORG 0000h
    5:	  0000			_RESET:
    6:	  0000	02 01 00		LJMP _INIT
    7:
    8:
    9:		N      0100		ORG 0100h
   10:	  0100			_INIT:
   11:
   12:
   13:
   14:	  0100			_LOOP:
   15:	  0100	12 01 06		CALL _KLAWIATURA
   16:	  0103	02 01 00		LJMP _LOOP
   17:
   18:	  0106			_KLAWIATURA:
   19:	  0106	D2 96			SETB P1.6
   20:					;enter
   21:	  0108	90 FF 30		MOV DPTR, #CSDS
   22:	  010B	74 01			MOV A,#00000001b
   23:	  010D	F0			MOVX @DPTR,A
   24:	  010E	20 B5 13		JB P3.5,_ENTER
   25:
   26:					;up
   27:	  0111	90 FF 30		MOV DPTR, #CSDS
   28:	  0114	74 08			MOV A,#00001000b
   29:	  0116	F0			MOVX @DPTR,A
   30:	  0117	20 B5 0E		JB P3.5,_UP
   31:
   32:					;down
   33:	  011A	90 FF 30		MOV DPTR, #CSDS
   34:	  011D	74 10			MOV A,#00010000b
   35:	  011F	F0			MOVX @DPTR,A
   36:	  0120	20 B5 09		JB P3.5,_DOWN
   37:
   38:	  0123			_KLAWIATURA_END:
   39:
   40:	  0123	22			RET
   41:	  0124			_ENTER:
   42:	  0124	D2 97			SETB P1.7
   43:	  0126	80 FB			JMP _KLAWIATURA_END

ASEM-51 V1.3                                         Copyright (c) 2002 by W.W. Heinz                                         PAGE 2



 Line  I  Addr  Code            Source

   44:	  0128			_UP:
   45:	  0128	D2 95			SETB P1.5
   46:	  012A	80 F7			JMP _KLAWIATURA_END
   47:	  012C			_DOWN:
   48:	  012C	C2 95			CLR P1.5
   49:	  012E	C2 97			CLR P1.7
   50:	  0130	80 F1			JMP _KLAWIATURA_END
   51:
   52:				END





                     register banks used:  ---

                     no errors




ASEM-51 V1.3                                         Copyright (c) 2002 by W.W. Heinz                                         PAGE 3





	       L I S T   O F   S Y M B O L S
	       =============================


SYMBOL				  TYPE     VALUE	LINE
------------------------------------------------------------
??ASEM_51			  NUMBER    8051
??VERSION			  NUMBER    0130
AC				  BIT	      D6
ACC				  DATA	      E0
B				  DATA	      F0
CSDS				  XDATA	    FF30	   1
CY				  BIT	      D7
DPH				  DATA	      83
DPL				  DATA	      82
EA				  BIT	      AF
ES				  BIT	      AC
ET0				  BIT	      A9
ET1				  BIT	      AB
EX0				  BIT	      A8
EX1				  BIT	      AA
EXTI0				  CODE	    0003
EXTI1				  CODE	    0013
F0				  BIT	      D5
IE				  DATA	      A8
IE0				  BIT	      89
IE1				  BIT	      8B
INT0				  BIT	      B2
INT1				  BIT	      B3
IP				  DATA	      B8
IT0				  BIT	      88
IT1				  BIT	      8A
OV				  BIT	      D2
P				  BIT	      D0
P0				  DATA	      80
P1				  DATA	      90
P2				  DATA	      A0
P3				  DATA	      B0
PCON				  DATA	      87
PS				  BIT	      BC
PSW				  DATA	      D0
PT0				  BIT	      B9
PT1				  BIT	      BB
PX0				  BIT	      B8
PX1				  BIT	      BA
RB8				  BIT	      9A
RD				  BIT	      B7
REN				  BIT	      9C
RESET				  CODE	    0000
RI				  BIT	      98
RS0				  BIT	      D3
RS1				  BIT	      D4
RXD				  BIT	      B0
SBUF				  DATA	      99
SCON				  DATA	      98
SINT				  CODE	    0023

ASEM-51 V1.3                                         Copyright (c) 2002 by W.W. Heinz                                         PAGE 4



SYMBOL				  TYPE     VALUE	LINE
------------------------------------------------------------
SM0				  BIT	      9F
SM1				  BIT	      9E
SM2				  BIT	      9D
SP				  DATA	      81
T0				  BIT	      B4
T1				  BIT	      B5
TB8				  BIT	      9B
TCON				  DATA	      88
TF0				  BIT	      8D
TF1				  BIT	      8F
TH0				  DATA	      8C
TH1				  DATA	      8D
TI				  BIT	      99
TIMER0				  CODE	    000B
TIMER1				  CODE	    001B
TL0				  DATA	      8A
TL1				  DATA	      8B
TMOD				  DATA	      89
TR0				  BIT	      8C
TR1				  BIT	      8E
TXD				  BIT	      B1
WR				  BIT	      B6
_DOWN				  CODE	    012C	  47
_ENTER				  CODE	    0124	  41
_INIT				  CODE	    0100	  10
_KLAWIATURA			  CODE	    0106	  18
_KLAWIATURA_END			  CODE	    0123	  38
_LOOP				  CODE	    0100	  14
_RESET				  CODE	    0000	   5
_UP				  CODE	    0128	  44
