
ASEM-51 V1.3                                         Copyright (c) 2002 by W.W. Heinz                                         PAGE 1





       MCS-51 Family Macro Assembler   A S E M - 5 1   V 1.3
       =====================================================



	Source File:	zadanie9.asm
	Object File:	zadanie9.hex
	List File:	zadanie9.lst



 Line  I  Addr  Code            Source

    1:		N	 2F	POSR 	DATA 02Fh
    2:		B	 7D	ER	BIT POSR.5
    3:		B	 7C	OK	BIT POSR.4
    4:		B	 7B	F4	BIT POSR.3
    5:		B	 7A	F3	BIT POSR.2
    6:		B	 79	F2	BIT POSR.1
    7:		B	 78	F1	BIT POSR.0
    8:		N      FF30	CSDS	EQU 0FF30h
    9:		N      FF38	CSDB	EQU 0FF38h
   10:
   11:		N      0000		ORG 0000h
   12:	  0000			_RESET:
   13:	  0000	02 01 00		LJMP _INIT
   14:
   15:		N      0100		ORG 0100h
   16:	  0100			_INIT:
   17:	  0100	C2 96			CLR P1.6		;ustawiam domyślnie zasilanie na włączone do wyświetlacza multi.
   18:	  0102	75 2F 00		MOV POSR, #00000000b	;ustawiam wszystko na off nic się nie będzie świecić
   19:	  0105	78 FF			MOV R0, #255d
   20:	  0107	79 FF			MOV R1, #255d
   21:
   22:	  0109	12 01 2B		CALL _7SEG_INIT		;wywołaj podprogram _7SEG_INIT
   23:	  010C			_FOR1:
   24:	  010C				_FOR2:
   25:						;instrukcje w drugiej pętli
   26:	  010C	00				NOP
   27:	  010D	00				NOP
   28:	  010E	00				NOP
   29:	  010F	D9 FB				DJNZ R1, _FOR2
   30:	  0111	12 01 20			CALL _7SEG_REFRESH
   31:	  0114	D8 F6			DJNZ R0,_FOR1
   32:	  0116	E5 2F			MOV A, POSR
   33:	  0118	03			RR A
   34:	  0119	F5 2F			MOV POSR, A
   35:	  011B	F0			MOVX @DPTR, A
   36:
   37:	  011C			_LOOP:
   38:	  011C	00			NOP
   39:	  011D	02 01 1C		LJMP _LOOP
   40:
   41:	  0120			_7SEG_REFRESH:
   42:	  0120	B2 96			CPL P1.6		;- odłącza zasilanie wyświetlacza multipleksowanego
   43:	  0122	90 FF 38		MOV DPTR, #CSDB		;- wprowadza do bufora danych nowy stan diod sygnalizacyjnych z bajt

ASEM-51 V1.3                                         Copyright (c) 2002 by W.W. Heinz                                         PAGE 2



 Line  I  Addr  Code            Source

				u pośredniczącego.
   44:	  0125	E5 2F			MOV A,POSR		;-//-
   45:	  0127	F0			MOVX @DPTR, A		;-//-
   46:	  0128	C2 96			CLR P1.6		;- wznawia zasilanie wyświetlacza multipleksowanego
   47:	  012A	22			RET
   48:
   49:	  012B			_7SEG_INIT:
   50:					;instrukcje
   51:	  012B	90 FF 30		MOV DPTR, #CSDS		;- wprowadza do bufora wyboru wskaźnika wartość, dzięki której
				aktywnym wskaźnikiem będzie wskaźnik LED
   52:	  012E	74 40			MOV A,#01000000b	;-//-
   53:	  0130	F0			MOVX @DPTR, A		;-//-
   54:	  0131	12 01 4F		CALL _7SEG_SET_OK_ON	;- wprowadza do bajtu pośredniczącego wartość, dzięki której p
				oczątkowo aktywna będzie dioda OK
   55:	  0134	31 20			CALL _7SEG_REFRESH	;- wywołuje podprogram _7SEG_REFRESH
   56:	  0136	22			RET
   57:
   58:	  0137			_7SEG_SET_F1_ON:
   59:	  0137	20 78 02		JB F1, _IF_F1
   60:	  013A	B2 78			CPL F1
   61:	  013C			_IF_F1:
   62:	  013C	22			RET
   63:	  013D			_7SEG_SET_F2_ON:
   64:	  013D	20 79 02		JB F2, _IF_F2
   65:	  0140	B2 79			CPL F2
   66:	  0142			_IF_F2:
   67:	  0142	22			RET
   68:	  0143			_7SEG_SET_F3_ON:
   69:	  0143	20 7A 02		JB F3, _IF_F3
   70:	  0146	B2 7A			CPL F3
   71:	  0148			_IF_F3:
   72:	  0148	22			RET
   73:	  0149			_7SEG_SET_F4_ON:
   74:	  0149	20 7B 02		JB F4, _IF_F4
   75:	  014C	B2 7B			CPL F4
   76:	  014E			_IF_F4:
   77:	  014E	22			RET
   78:	  014F			_7SEG_SET_OK_ON:
   79:	  014F	20 7C 02		JB OK, _IF_OK
   80:	  0152	B2 7C			CPL OK
   81:	  0154			_IF_OK:
   82:	  0154	22			RET
   83:	  0155			_7SEG_SET_ER_ON:
   84:	  0155	20 7D 02		JB ER, _IF_ER
   85:	  0158	B2 7D			CPL ER
   86:	  015A			_IF_ER:
   87:	  015A	22			RET
   88:
   89:	  015B			_7SEG_SET_F1_OFF:
   90:	  015B	C2 78			CLR F1
   91:	  015D	22			RET
   92:	  015E			_7SEG_SET_F2_OFF:
   93:	  015E	C2 79			CLR F2
   94:	  0160	22			RET
   95:	  0161			_7SEG_SET_F3_OFF:
   96:	  0161	C2 7A			CLR F3

ASEM-51 V1.3                                         Copyright (c) 2002 by W.W. Heinz                                         PAGE 3



 Line  I  Addr  Code            Source

   97:	  0163	22			RET
   98:	  0164			_7SEG_SET_F4_OFF:
   99:	  0164	C2 7B			CLR F4
  100:	  0166	22			RET
  101:	  0167			_7SEG_SET_OK_OFF:
  102:	  0167	C2 7C			CLR OK
  103:	  0169	22			RET
  104:	  016A			_7SEG_SET_ER_OFF:
  105:	  016A	C2 7D			CLR ER
  106:	  016C	22			RET
  107:
  108:
  109:					;CPL OK
  110:					;MOV DPTR, #CSDS
  111:					;MOV A,#01000000b
  112:					;MOVX @DPTR, A
  113:					;MOV DPTR, #CSDB
  114:					;MOV A,POSR
  115:					;MOVX @DPTR, A
  116:
  117:				END





                     register banks used:  ---

                     no errors




ASEM-51 V1.3                                         Copyright (c) 2002 by W.W. Heinz                                         PAGE 4





	       L I S T   O F   S Y M B O L S
	       =============================


SYMBOL				  TYPE     VALUE	LINE
------------------------------------------------------------
??ASEM_51			  NUMBER    8051
??VERSION			  NUMBER    0130
AC				  BIT	      D6
ACC				  DATA	      E0
B				  DATA	      F0
CSDB				  NUMBER    FF38	   9
CSDS				  NUMBER    FF30	   8
CY				  BIT	      D7
DPH				  DATA	      83
DPL				  DATA	      82
EA				  BIT	      AF
ER				  BIT	      7D	   2
ES				  BIT	      AC
ET0				  BIT	      A9
ET1				  BIT	      AB
EX0				  BIT	      A8
EX1				  BIT	      AA
EXTI0				  CODE	    0003
EXTI1				  CODE	    0013
F0				  BIT	      D5
F1				  BIT	      78	   7
F2				  BIT	      79	   6
F3				  BIT	      7A	   5
F4				  BIT	      7B	   4
IE				  DATA	      A8
IE0				  BIT	      89
IE1				  BIT	      8B
INT0				  BIT	      B2
INT1				  BIT	      B3
IP				  DATA	      B8
IT0				  BIT	      88
IT1				  BIT	      8A
OK				  BIT	      7C	   3
OV				  BIT	      D2
P				  BIT	      D0
P0				  DATA	      80
P1				  DATA	      90
P2				  DATA	      A0
P3				  DATA	      B0
PCON				  DATA	      87
POSR				  DATA	      2F	   1
PS				  BIT	      BC
PSW				  DATA	      D0
PT0				  BIT	      B9
PT1				  BIT	      BB
PX0				  BIT	      B8
PX1				  BIT	      BA
RB8				  BIT	      9A
RD				  BIT	      B7
REN				  BIT	      9C

ASEM-51 V1.3                                         Copyright (c) 2002 by W.W. Heinz                                         PAGE 5



SYMBOL				  TYPE     VALUE	LINE
------------------------------------------------------------
RESET				  CODE	    0000
RI				  BIT	      98
RS0				  BIT	      D3
RS1				  BIT	      D4
RXD				  BIT	      B0
SBUF				  DATA	      99
SCON				  DATA	      98
SINT				  CODE	    0023
SM0				  BIT	      9F
SM1				  BIT	      9E
SM2				  BIT	      9D
SP				  DATA	      81
T0				  BIT	      B4
T1				  BIT	      B5
TB8				  BIT	      9B
TCON				  DATA	      88
TF0				  BIT	      8D
TF1				  BIT	      8F
TH0				  DATA	      8C
TH1				  DATA	      8D
TI				  BIT	      99
TIMER0				  CODE	    000B
TIMER1				  CODE	    001B
TL0				  DATA	      8A
TL1				  DATA	      8B
TMOD				  DATA	      89
TR0				  BIT	      8C
TR1				  BIT	      8E
TXD				  BIT	      B1
WR				  BIT	      B6
_7SEG_INIT			  CODE	    012B	  49
_7SEG_REFRESH			  CODE	    0120	  41
_7SEG_SET_ER_OFF		  CODE	    016A	 104
_7SEG_SET_ER_ON			  CODE	    0155	  83
_7SEG_SET_F1_OFF		  CODE	    015B	  89
_7SEG_SET_F1_ON			  CODE	    0137	  58
_7SEG_SET_F2_OFF		  CODE	    015E	  92
_7SEG_SET_F2_ON			  CODE	    013D	  63
_7SEG_SET_F3_OFF		  CODE	    0161	  95
_7SEG_SET_F3_ON			  CODE	    0143	  68
_7SEG_SET_F4_OFF		  CODE	    0164	  98
_7SEG_SET_F4_ON			  CODE	    0149	  73
_7SEG_SET_OK_OFF		  CODE	    0167	 101
_7SEG_SET_OK_ON			  CODE	    014F	  78
_FOR1				  CODE	    010C	  23
_FOR2				  CODE	    010C	  24
_IF_ER				  CODE	    015A	  86
_IF_F1				  CODE	    013C	  61
_IF_F2				  CODE	    0142	  66
_IF_F3				  CODE	    0148	  71
_IF_F4				  CODE	    014E	  76
_IF_OK				  CODE	    0154	  81
_INIT				  CODE	    0100	  16
_LOOP				  CODE	    011C	  37
_RESET				  CODE	    0000	  12
